<?xml version="1.0" encoding="UTF-8"?>
<!-- Generated by org.testng.reporters.JUnitReportReporter -->
<testsuite skipped="0" hostname="BMUNEGOW-LAP" name="testng.TestNGBasics1" tests="2" failures="0" timestamp="09 Sep 2019 15:37:39 GMT" time="0.014" errors="0">
  <testcase name="testTwo" time="0.009" classname="testng.TestNGBasics1"/>
  <testcase name="testOne" time="0.005" classname="testng.TestNGBasics1"/>
</testsuite> <!-- testng.TestNGBasics1 -->
